app/seeds.txt
com.tutk.IOTC.R
com.tutk.IOTC.R$attr
com.tutk.IOTC.St_AVClientStartOutConfig
com.tutk.IOTC.PlaybackMonitor$startPlayTime$1
com.tutk.IOTC.RDCTRLDEFs
com.tutk.IOTC.camera.AVChannel
com.tutk.IOTC.VSaaSContractInfo
com.tutk.IOTC.camera.SendIOJob$start$1
com.tutk.IOTC.R$bool
com.tutk.IOTC.St_SInfo
com.tutk.IOTC.camera.DownFileJob$start$2$invokeSuspend$$inlined$collect$1
com.tutk.IOTC.camera.RecvVideoJob$start$1
com.tutk.IOTC.Camera
com.tutk.IOTC.AVIOCTRLDEFs
com.tutk.IOTC.listener.IVDownloadFileCallback
com.tutk.IOTC.camera.SendFileJob$start$2
com.tutk.IOTC.audio.AudioTrackHelper
com.tutk.IOTC.VSaaSPullStreamAttr
com.tutk.IOTC.AVAPIs$avTokenRequestFn
com.tutk.IOTC.St_AVClientStartInConfig
com.tutk.IOTC.R$id
com.tutk.IOTC.TUTKGlobalAPIs
com.tutk.IOTC.CameraKt
com.tutk.IOTC.AudioProcess$Companion
com.tutk.IOTC.camera.StartJob$start$1$invokeSuspend$$inlined$collect$1
com.tutk.IOTC.LocalRecording$1
com.tutk.IOTC.camera.SendFileJob$start$1$invokeSuspend$$inlined$collect$1
com.tutk.IOTC.PlaybackMonitor$1
com.tutk.IOTC.R$interpolator
com.tutk.IOTC.PacketKt
com.tutk.IOTC.camera.SendIOJob
com.tutk.IOTC.LocalRecording
com.tutk.IOTC.camera.LocalRecordHelper
com.tutk.IOTC.camera.DownFileJob$start$2
com.tutk.IOTC.st_SearchDeviceInfo
com.tutk.IOTC.listener.OnFrameCallback
com.tutk.IOTC.camera.DownFileJob$start$2$1
com.tutk.IOTC.camera.StartJob$start$1$1
com.tutk.IOTC.listener.OnExtraCallback
com.tutk.IOTC.AVAPIs$avIdentityArrayRequestFn
com.tutk.IOTC.camera.LocalRecordHelper$startRecordTime$1
com.tutk.IOTC.AVAPIs$avTokenAuthFn
com.tutk.IOTC.camera.AVChannelKt
com.tutk.IOTC.R$integer
com.tutk.IOTC.Monitor$PTZ
com.tutk.IOTC.camera.DownLoadFileStatus
com.tutk.IOTC.St_IOTCCheckDeviceOutput
com.tutk.IOTC.PlaybackMonitor$renderJob$1
com.tutk.IOTC.AVFrameQueue
com.tutk.IOTC.camera.DownLoadInfo
com.tutk.IOTC.PlaybackMonitor$WhenMappings
com.tutk.IOTC.status.IrLedStatus
com.tutk.IOTC.St_IOTCCheckDeviceInput
com.tutk.IOTC.camera.DownFileJob$start$1$invokeSuspend$$inlined$collect$1
com.tutk.IOTC.AVFrame
com.tutk.IOTC.AVAPIs$avJsonCtrlRequestFn
com.tutk.IOTC.R$styleable
com.tutk.IOTC.camera.DownFileJob$start$1$1
com.tutk.IOTC.Camera$Companion
com.tutk.IOTC.OnLineResultCBListener
com.tutk.IOTC.AudioProcess$Decode
com.tutk.IOTC.camera.LocalRecordHelper$startRecordTime$1$invokeSuspend$$inlined$collect$1
com.tutk.IOTC.R$anim
com.tutk.IOTC.Liotc
com.tutk.IOTC.audio.RecvAudioJob$start$1$1
com.tutk.IOTC.camera.RecvIOJob
com.tutk.IOTC.camera.DecodeVideoJob$start$1
com.tutk.IOTC.St_AvIdentity
com.tutk.IOTC.listener.IVRegisterIOTCListener
com.tutk.IOTC.Packet
com.tutk.IOTC.St_IOTCConnectInput
com.tutk.IOTC.camera.SendFileJob
com.tutk.IOTC.status.PlaybackStatus
com.tutk.IOTC.audio.SendAudioJob$start$1$invokeSuspend$$inlined$collect$1
com.tutk.IOTC.Monitor$renderJob$1
com.tutk.IOTC.St_SInfoEx
com.tutk.IOTC.status.EventMode
com.tutk.IOTC.St_AVServStartInConfig
com.tutk.IOTC.camera.RecvVideoInfo
com.tutk.IOTC.AudioProcess
com.tutk.IOTC.camera.IOCtrlQueueKt
com.tutk.IOTC.camera.IAVChannelListener
com.tutk.IOTC.audio.SendAudioJob$start$1
com.tutk.IOTC.status.SDCardStatus
com.tutk.IOTC.BuildConfig
com.tutk.IOTC.listener.OnSessionChannelCallback
com.tutk.IOTC.camera.IOCtrlQueueType
com.tutk.IOTC.AudioListener
com.tutk.IOTC.status.RecordQuality
com.tutk.IOTC.R$color
com.tutk.IOTC.St_AvStatus
com.tutk.IOTC.AVAPIs$avChangePasswordRequestFn
com.tutk.IOTC.camera.LocalRecordHelper$startRecord$1$invokeSuspend$$inlined$collect$1
com.tutk.IOTC.camera.RecvIOJob$start$1$1
com.tutk.IOTC.camera.SendFileStatus
com.tutk.IOTC.St_RDT_Status
com.tutk.IOTC.St_LogAttr
com.tutk.IOTC.camera.SendFileJob$start$1$1
com.tutk.IOTC.camera.DecodeVideoJob$start$1$invokeSuspend$$inlined$collect$1
com.tutk.IOTC.camera.RecvVideoJob$start$1$1
com.tutk.IOTC.AVAPIs$avVSaaSUpdateContractInfoFn
com.tutk.IOTC.audio.RecvAudioJob
com.tutk.IOTC.St_AVServStartOutConfig
com.tutk.IOTC.camera.VideoQuality
com.tutk.IOTC.Camera$startConnectJob$1
com.tutk.IOTC.audio.RecvAudioJob$start$1
...
com.google.protobuf.GeneratedMessageLite$ExtendableBuilder: void verifyExtensionContainingType(com.google.protobuf.GeneratedMessageLite$GeneratedExtension)
com.google.protobuf.DescriptorProtos$EnumValueOptions$Builder: com.google.protobuf.GeneratedMessageV3$ExtendableBuilder addRepeatedField(com.google.protobuf.Descriptors$FieldDescriptor,java.lang.Object)
com.google.protobuf.Descriptors$OneofDescriptor: java.lang.String getName()
com.ingenic.zalive.MsgEntity$MasterSync2ServerResq$Builder: com.ingenic.zalive.MsgEntity$MasterSync2ServerResq$Builder mergeFrom(com.ingenic.zalive.MsgEntity$MasterSync2ServerResq)
com.google.protobuf.DescriptorProtos$FieldOptions$JSType$1: DescriptorProtos$FieldOptions$JSType$1()
com.google.protobuf.AbstractMessage$Builder: com.google.protobuf.AbstractMessage$Builder mergeFrom(com.google.protobuf.ByteString,com.google.protobuf.ExtensionRegistryLite)
com.google.protobuf.Option: com.google.protobuf.MessageLite$Builder toBuilder()
com.google.protobuf.DescriptorProtos$OneofOptionsOrBuilder: java.util.List getUninterpretedOptionOrBuilderList()
com.google.protobuf.NioByteString: boolean isValidUtf8()
com.google.protobuf.DescriptorProtos$MethodDescriptorProto: boolean access$12702(com.google.protobuf.DescriptorProtos$MethodDescriptorProto,boolean)
com.google.protobuf.Int64Value$Builder: com.google.protobuf.Int64Value$Builder clearValue()
com.ingenic.zalive.MsgEntity$Response$Builder: boolean hasRegResp()
com.google.protobuf.Timestamp$Builder: com.google.protobuf.Message$Builder setField(com.google.protobuf.Descriptors$FieldDescriptor,java.lang.Object)
com.tutk.io.SendKt: boolean irLedStatus$default(com.tutk.IOTC.Camera,int,int,com.tutk.IOTC.status.IrLedStatus,boolean,int,java.lang.Object)
com.google.protobuf.DescriptorProtos$SourceCodeInfo$Location: com.google.protobuf.DescriptorProtos$SourceCodeInfo$Location parseFrom(com.google.protobuf.ByteString)
com.ingenic.zalive.MsgEntity$Message$Builder: void maybeForceBuilderInitialization()
com.ingenic.zalive.MsgEntity$ServerRegisterReq$Builder: com.google.protobuf.GeneratedMessageV3$Builder mergeUnknownFields(com.google.protobuf.UnknownFieldSet)
com.google.protobuf.Value$1: com.google.protobuf.Value parsePartialFrom(com.google.protobuf.CodedInputStream,com.google.protobuf.ExtensionRegistryLite)
com.google.protobuf.DescriptorProtos$FileDescriptorProto$Builder: com.google.protobuf.DescriptorProtos$EnumDescriptorProto getEnumType(int)
com.google.protobuf.DescriptorProtos$MethodDescriptorProto: com.google.protobuf.Parser parser()
com.google.protobuf.DescriptorProtos$MethodDescriptorProto$Builder: com.google.protobuf.DescriptorProtos$MethodDescriptorProto$Builder mergeFrom(com.google.protobuf.CodedInputStream,com.google.protobuf.ExtensionRegistryLite)
com.google.protobuf.DescriptorProtos$DescriptorProto$ReservedRange$Builder: com.google.protobuf.Message$Builder addRepeatedField(com.google.protobuf.Descriptors$FieldDescriptor,java.lang.Object)
com.google.protobuf.DescriptorProtos$UninterpretedOption$Builder: com.google.protobuf.Message getDefaultInstanceForType()
com.ingenic.zalive.MsgEntity$Message$Builder: com.ingenic.zalive.MsgEntity$Message$Builder setField(com.google.protobuf.Descriptors$FieldDescriptor,java.lang.Object)
com.ingenic.zalive.MsgEntity$MasterSync2ServerResq: com.google.protobuf.Parser getParserForType()
com.ingenic.b.a: boolean a(byte[],int)
com.ingenic.zalive.MsgEntity$MasterRegisterRespOrBuilder: java.lang.String getPayloadkey()
com.ingenic.zalive.MsgEntity$Request$Builder: com.ingenic.zalive.MsgEntity$Request$Builder clearField(com.google.protobuf.Descriptors$FieldDescriptor)
com.google.protobuf.DescriptorProtos$FileOptions$Builder: com.google.protobuf.GeneratedMessageV3$ExtendableBuilder setExtension(com.google.protobuf.GeneratedMessage$GeneratedExtension,int,java.lang.Object)
com.ingenic.zalive.MsgEntity$DevPackReq: com.ingenic.zalive.MsgEntity$DevPackReq parseFrom(com.google.protobuf.ByteString,com.google.protobuf.ExtensionRegistryLite)