app/mapping.txt
# compiler: R8
# compiler_version: 2.2.71
# pg_map_id: 324f002
# common_typos_disable
com.tutk.IOTC.AVAPIs -> com.tutk.IOTC.AVAPIs:
    int AV_ER_DASA_CLEAN_BUFFER -> O
    int AV_ER_MEM_INSUFF -> l
    int AV_ER_WAIT_KEY_FRAME -> K
    int AV_ER_NoERROR -> h
    int AV_ER_WRONG_ACCPWD_LENGTH -> G
    int TIME_DELAY_INITIAL -> d
    int AV_ER_CLIENT_NOT_SUPPORT -> C
    int AV_ER_DTLS_AUTH_FAIL -> X
    int AV_ER_REMOTE_TIMEOUT_DISCONNECT -> y
    int AV_ER_REMOTE_NOT_SUPPORT -> T
    int AV_ER_DATA_NOREADY -> u
    int AV_ER_NOT_SUPPORT -> P
    int AV_ER_CLIENT_NO_AVLOGIN -> q
    int AV_ER_CLEANBUF_ALREADY_CALLED -> L
    int AV_ER_FAIL_CREATE_THREAD -> m
    int AV_ER_IOTC_SESSION_CLOSED -> H
    int AV_ER_INVALID_ARG -> i
    int AV_ER_SENDIOCTRL_ALREADY_CALLED -> D
    int TIME_SPAN_LOSED -> e
    int TIME_DELAY_DELTA -> a
    int AV_ER_SERVER_EXIT -> z
    int AV_ER_SDK_NOT_SUPPORT_DTLS -> Y
    int AV_ER_INCOMPLETE_FRAME -> v
    int AV_ER_TOKEN_EXCEED_MAX_SIZE -> U
    int AV_ER_WRONG_VIEWACCorPWD -> r
    int AV_ER_FAIL_INITIALIZE_DTLS -> Q
    int AV_ER_EXCEED_MAX_ALARM -> n
    int AV_ER_SOCKET_QUEUE_FULL -> M
    int AV_ER_BUFPARA_MAXSIZE_INSUFF -> j
    int AV_ER_IOTC_DEINITIALIZED -> I
    int IOTYPE_INNER_SND_DATA_DELAY -> f
    int AV_ER_SENDIOCTRL_EXIT -> E
    int TIME_DELAY_MIN -> b
    int AV_ER_CLIENT_EXIT -> A
    int AV_ER_REMOTE_NOT_SUPPORT_DTLS -> V
    int AV_ER_LOSED_THIS_FRAME -> w
    int AV_ER_FAIL_CREATE_DTLS -> R
    int AV_ER_INVALID_SID -> s
    int AV_ER_ALREADY_INITIALIZED -> N
    int AV_ER_EXCEED_MAX_SIZE -> o
com.tutk.IOTC.AVAPIs$avAbilityRequestFn -> com.tutk.IOTC.AVAPIs$a:
    void ability_request(int,java.lang.String[]) -> a
com.tutk.IOTC.AVAPIs$avChangePasswordRequestFn -> com.tutk.IOTC.AVAPIs$b:
    int change_password_request(int,java.lang.String,java.lang.String,java.lang.String,java.lang.String) -> a
com.tutk.IOTC.AVAPIs$avIdentityArrayRequestFn -> com.tutk.IOTC.AVAPIs$c:
    void identity_array_request(int,java.util.ArrayList,int[]) -> a
com.tutk.IOTC.AVAPIs$avJsonCtrlRequestFn -> com.tutk.IOTC.AVAPIs$d:
    void json_request(int,java.lang.String,java.lang.String,java.lang.String[]) -> a
com.tutk.IOTC.AVAPIs$avPasswordAuthFn -> com.tutk.IOTC.AVAPIs$e:
    int password_auth(java.lang.String,java.lang.String[]) -> a
com.tutk.IOTC.AVAPIs$avTokenAuthFn -> com.tutk.IOTC.AVAPIs$f:
    int token_auth(java.lang.String,java.lang.String[]) -> a
com.tutk.IOTC.AVAPIs$avTokenDeleteFn -> com.tutk.IOTC.AVAPIs$g:
    int token_delete(int,java.lang.String) -> a
com.tutk.IOTC.AVAPIs$avTokenRequestFn -> com.tutk.IOTC.AVAPIs$h:
    int token_request(int,java.lang.String,java.lang.String,java.lang.String[]) -> a
com.tutk.IOTC.AVAPIs$avVSaaSConfigChangedFn -> com.tutk.IOTC.AVAPIs$avVSaaSConfigChangedFn:
    void on_config_changed(java.lang.String) -> a
com.tutk.IOTC.AVAPIs$avVSaaSUpdateContractInfoFn -> com.tutk.IOTC.AVAPIs$avVSaaSUpdateContractInfoFn:
    void on_update_contract(com.tutk.IOTC.VSaaSContractInfo) -> a
...
com.ingenic.zalive.MsgEntity$Dev2HeartDevStatOrBuilder -> a.d.e.c$h:
    boolean hasDevState() -> d0
    com.ingenic.zalive.MsgEntity$DevState getDevState() -> o0
    java.lang.String getUid() -> r
    com.google.protobuf.ByteString getUidBytes() -> s
    boolean hasUid() -> t
com.ingenic.zalive.MsgEntity$DevPackReq -> a.d.e.c$i:
    java.lang.Object uid_ -> k
    byte memoizedIsInitialized -> l
    com.ingenic.zalive.MsgEntity$DevPackReq DEFAULT_INSTANCE -> h
    int bitField0_ -> j
    com.google.protobuf.Parser PARSER -> i
    long serialVersionUID -> g
    int UID_FIELD_NUMBER -> f
    1:9:void <clinit>():1338:1346 -> <clinit>
    1:1:void <init>(com.google.protobuf.CodedInputStream,com.google.protobuf.ExtensionRegistryLite,com.ingenic.zalive.MsgEntity$1):800:800 -> <init>
    2:2:void <init>(com.google.protobuf.GeneratedMessageV3$Builder,com.ingenic.zalive.MsgEntity$1):800:800 -> <init>
    3:122:void <init>(com.google.protobuf.GeneratedMessageV3$Builder):806:925 -> <init>
    123:240:void <init>():808:925 -> <init>
    241:241:void <init>():809:809 -> <init>
    242:273:void <init>(com.google.protobuf.CodedInputStream,com.google.protobuf.ExtensionRegistryLite):821:852 -> <init>
    274:280:void <init>(com.google.protobuf.CodedInputStream,com.google.protobuf.ExtensionRegistryLite):849:855 -> <init>
    281:282:void <init>(com.google.protobuf.CodedInputStream,com.google.protobuf.ExtensionRegistryLite):854:855 -> <init>
    1:9:boolean isInitialized():927:935 -> K4
    1:1:com.google.protobuf.Message$Builder newBuilderForType():800:800 -> P
    2:2:com.google.protobuf.MessageLite$Builder newBuilderForType():800:800 -> P
    1:1:com.google.protobuf.Message$Builder toBuilder():800:800 -> S
com.ingenic.zalive.MsgEntity$DevPackReq$1 -> a.d.e.c$i$a:
# {"id":"sourceFile","fileName":"MsgEntity.java"}
    1:1:void <init>():1346:1346 -> <init>
    1:1:java.lang.Object parsePartialFrom(com.google.protobuf.CodedInputStream,com.google.protobuf.ExtensionRegistryLite):1346:1346 -> b
    1:1:com.ingenic.zalive.MsgEntity$DevPackReq parsePartialFrom(com.google.protobuf.CodedInputStream,com.google.protobuf.ExtensionRegistryLite):1351:1351 -> d
com.ingenic.zalive.MsgEntity$DevPackReq$Builder -> a.d.e.c$i$b:
# {"id":"sourceFile","fileName":"MsgEntity.java"}
    java.lang.Object uid_ -> f
    int bitField0_ -> e
    1:1:void <init>(com.google.protobuf.GeneratedMessageV3$BuilderParent,com.ingenic.zalive.MsgEntity$1):1081:1081 -> <init>
    2:2:void <init>(com.ingenic.zalive.MsgEntity$1):1081:1081 -> <init>
    3:127:void <init>():1098:1222 -> <init>
    128:128:void <init>():1099:1099 -> <init>
    129:247:void <init>(com.google.protobuf.GeneratedMessageV3$BuilderParent):1104:1222 -> <init>
    248:248:void <init>(com.google.protobuf.GeneratedMessageV3$BuilderParent):1105:1105 -> <init>
    1:1:com.google.protobuf.Message$Builder clone():1081:1081 -> H
    2:2:com.google.protobuf.MessageLite$Builder clone():1081:1081 -> H
    1:1:boolean isInitialized():1197:1197 -> K4
    1:1:com.google.protobuf.Message build():1081:1081 -> M
    2:2:com.google.protobuf.MessageLite build():1081:1081 -> M
    1:1:com.google.protobuf.Message$Builder clearOneof(com.google.protobuf.Descriptors$OneofDescriptor):1081:1081 -> a
    2:2:com.google.protobuf.Message$Builder mergeFrom(com.google.protobuf.CodedInputStream,com.google.protobuf.ExtensionRegistryLite):1081:1081 -> a
    3:3:com.google.protobuf.Message$Builder mergeFrom(com.google.protobuf.Message):1081:1081 -> a
    4:4:com.google.protobuf.MessageLite$Builder mergeFrom(com.google.protobuf.CodedInputStream,com.google.protobuf.ExtensionRegistryLite):1081:1081 -> a
com.ingenic.zalive.MsgEntity$DevPackReqOrBuilder -> a.d.e.c$j:
    java.lang.String getUid() -> r
    com.google.protobuf.ByteString getUidBytes() -> s
    boolean hasUid() -> t